2019-09-03 13:37:43.922382: I tensorflow/core/platform/cpu_feature_guard.cc:142] Your CPU supports instructions that this TensorFlow binary was not compiled to use: AVX2 FMA
2019-09-03 13:37:44.026403: I tensorflow/stream_executor/platform/default/dso_loader.cc:42] Successfully opened dynamic library libcuda.so.1
2019-09-03 13:37:44.512115: I tensorflow/compiler/xla/service/service.cc:168] XLA service 0x3ba1240 executing computations on platform CUDA. Devices:
2019-09-03 13:37:44.512183: I tensorflow/compiler/xla/service/service.cc:175]   StreamExecutor device (0): GeForce GTX 1080 Ti, Compute Capability 6.1
2019-09-03 13:37:44.637117: I tensorflow/core/platform/profile_utils/cpu_utils.cc:94] CPU Frequency: 1598060000 Hz
2019-09-03 13:37:44.638428: I tensorflow/compiler/xla/service/service.cc:168] XLA service 0x387ded0 executing computations on platform Host. Devices:
2019-09-03 13:37:44.638480: I tensorflow/compiler/xla/service/service.cc:175]   StreamExecutor device (0): <undefined>, <undefined>
2019-09-03 13:37:44.640383: I tensorflow/core/common_runtime/gpu/gpu_device.cc:1640] Found device 0 with properties: 
name: GeForce GTX 1080 Ti major: 6 minor: 1 memoryClockRate(GHz): 1.582
pciBusID: 0000:83:00.0
2019-09-03 13:37:44.640891: I tensorflow/stream_executor/platform/default/dso_loader.cc:42] Successfully opened dynamic library libcudart.so.10.0
2019-09-03 13:37:44.643572: I tensorflow/stream_executor/platform/default/dso_loader.cc:42] Successfully opened dynamic library libcublas.so.10.0
2019-09-03 13:37:44.717560: I tensorflow/stream_executor/platform/default/dso_loader.cc:42] Successfully opened dynamic library libcufft.so.10.0
2019-09-03 13:37:44.742392: I tensorflow/stream_executor/platform/default/dso_loader.cc:42] Successfully opened dynamic library libcurand.so.10.0
2019-09-03 13:37:44.744944: I tensorflow/stream_executor/platform/default/dso_loader.cc:42] Successfully opened dynamic library libcusolver.so.10.0
2019-09-03 13:37:44.788411: I tensorflow/stream_executor/platform/default/dso_loader.cc:42] Successfully opened dynamic library libcusparse.so.10.0
2019-09-03 13:37:44.794133: I tensorflow/stream_executor/platform/default/dso_loader.cc:42] Successfully opened dynamic library libcudnn.so.7
2019-09-03 13:37:44.796687: I tensorflow/core/common_runtime/gpu/gpu_device.cc:1763] Adding visible gpu devices: 0
2019-09-03 13:37:44.814418: I tensorflow/stream_executor/platform/default/dso_loader.cc:42] Successfully opened dynamic library libcudart.so.10.0
2019-09-03 13:37:44.839208: I tensorflow/core/common_runtime/gpu/gpu_device.cc:1181] Device interconnect StreamExecutor with strength 1 edge matrix:
2019-09-03 13:37:44.839247: I tensorflow/core/common_runtime/gpu/gpu_device.cc:1187]      0 
2019-09-03 13:37:44.839261: I tensorflow/core/common_runtime/gpu/gpu_device.cc:1200] 0:   N 
2019-09-03 13:37:44.853701: I tensorflow/core/common_runtime/gpu/gpu_device.cc:1326] Created TensorFlow device (/device:GPU:0 with 10470 MB memory) -> physical GPU (device: 0, name: GeForce GTX 1080 Ti, pci bus id: 0000:83:00.0, compute capability: 6.1)
Using TensorFlow backend.
WARNING: Logging before flag parsing goes to stderr.
W0903 13:37:44.856098 139848493078336 deprecation_wrapper.py:119] From src/chess/main.py:395: The name tf.app.run is deprecated. Please use tf.compat.v1.app.run instead.

--------------------------------------------------------------------------------
CUDA VISIBLE DEVICES
[name: "/device:CPU:0"
device_type: "CPU"
memory_limit: 268435456
locality {
}
incarnation: 12282960815992332222
, name: "/device:XLA_GPU:0"
device_type: "XLA_GPU"
memory_limit: 17179869184
locality {
}
incarnation: 9385906680094336226
physical_device_desc: "device: XLA_GPU device"
, name: "/device:XLA_CPU:0"
device_type: "XLA_CPU"
memory_limit: 17179869184
locality {
}
incarnation: 562436015309401265
physical_device_desc: "device: XLA_CPU device"
, name: "/device:GPU:0"
device_type: "GPU"
memory_limit: 10979036365
locality {
  bus_id: 2
  numa_node: 1
  links {
  }
}
incarnation: 283371775182670676
physical_device_desc: "device: 0, name: GeForce GTX 1080 Ti, pci bus id: 0000:83:00.0, compute capability: 6.1"
]
--------------------------------------------------------------------------------
--------------------------------------------------------------------------------
Path outputs exists. Remove and remake.
--------------------------------------------------------------------------------
Logging to outputs/stdout
--------------------------------------------------------------------------------
batch_size...................................................................128
child_block_size...............................................................3
child_cutout_size...........................................................None
child_drop_path_keep_prob....................................................0.6
child_filter_size..............................................................5
child_fixed_arc.............................................................None
child_grad_bound.............................................................5.0
child_keep_prob..............................................................0.9
child_l2_reg.............................................................0.00025
child_lr.....................................................................0.1
child_lr_T_0..................................................................10
child_lr_T_mul.................................................................2
child_lr_cosine.............................................................True
child_lr_dec_every...........................................................100
child_lr_dec_rate............................................................0.1
child_lr_max................................................................0.05
child_lr_min..............................................................0.0005
child_num_aggregate.........................................................None
child_num_branches.............................................................6
child_num_cells................................................................5
child_num_layers..............................................................12
child_num_replicas.............................................................1
child_out_filters.............................................................36
child_out_filters_scale........................................................1
child_skip_pattern..........................................................None
child_sync_replicas........................................................False
child_use_aux_heads.........................................................True
controller_bl_dec...........................................................0.99
controller_entropy_weight.................................................0.0001
controller_forwards_limit......................................................2
controller_keep_prob.........................................................0.5
controller_l2_reg............................................................0.0
controller_lr..............................................................0.001
controller_lr_dec_rate.......................................................1.0
controller_num_aggregate......................................................20
controller_num_replicas........................................................1
controller_op_tanh_reduce....................................................2.5
controller_search_whole_channels............................................True
controller_skip_target.......................................................0.4
controller_skip_weight.......................................................0.8
controller_sync_replicas....................................................True
controller_tanh_constant.....................................................1.5
controller_temperature......................................................None
controller_train_every.........................................................1
controller_train_steps........................................................50
controller_training.........................................................True
controller_use_critic......................................................False
data_format.................................................................NCHW
data_path.............................................................data/chess
eval_every_epochs..............................................................1
log_every.....................................................................50
num_epochs...................................................................310
output_dir...............................................................outputs
reset_output_dir............................................................True
search_for.................................................................macro
--------------------------------------------------------------------------------
Reading data
Loading data ...
Loading data for chess_games_2000
Loading games for pgn chess_games_2000 ...
3000 games loaded
loading tensors and according labels ...
Loading data for chess_games_2001
Loading games for pgn chess_games_2001 ...
3000 games loaded
loading tensors and according labels ...
Loading data for chess_games_2002
Loading games for pgn chess_games_2002 ...
3000 games loaded
loading tensors and according labels ...
Loading data for chess_games_2003
Loading games for pgn chess_games_2003 ...
3000 games loaded
loading tensors and according labels ...
Loading data for chess_games_2004
Loading games for pgn chess_games_2004 ...
3000 games loaded
loading tensors and according labels ...
Loading data ...
Loading data for chess_games_2005
Loading games for pgn chess_games_2005 ...
3000 games loaded
loading tensors and according labels ...
--------------------------------------------------------------------------------
Build model child
Build data ops
W0903 13:50:49.142526 139848493078336 deprecation.py:323] From /home/habreu/pv/lothair/EfficientNeuralSearch/enas/src/chess/models.py:83: shuffle_batch (from tensorflow.python.training.input) is deprecated and will be removed in a future version.
Instructions for updating:
Queue-based input pipelines have been replaced by `tf.data`. Use `tf.data.Dataset.shuffle(min_after_dequeue).batch(batch_size)`.
Traceback (most recent call last):
  File "src/chess/main.py", line 395, in <module>
    tf.app.run()
  File "/home/habreu/pv/lothair/venv_3/lib/python3.6/site-packages/tensorflow/python/platform/app.py", line 40, in run
    _run(main=main, argv=argv, flags_parser=_parse_flags_tolerate_undef)
  File "/home/habreu/pv/lothair/venv_3/lib/python3.6/site-packages/absl/app.py", line 300, in run
    _run_main(main, args)
  File "/home/habreu/pv/lothair/venv_3/lib/python3.6/site-packages/absl/app.py", line 251, in _run_main
    sys.exit(main(argv))
  File "src/chess/main.py", line 384, in main
    train()
  File "src/chess/main.py", line 235, in train
    ops = get_ops(images, labels)
  File "src/chess/main.py", line 150, in get_ops
    num_replicas=FLAGS.child_num_replicas,
  File "/home/habreu/pv/lothair/EfficientNeuralSearch/enas/src/chess/general_child.py", line 80, in __init__
    name=name,
  File "/home/habreu/pv/lothair/EfficientNeuralSearch/enas/src/chess/models.py", line 83, in __init__
    allow_smaller_final_batch=True,
  File "/home/habreu/pv/lothair/venv_3/lib/python3.6/site-packages/tensorflow/python/util/deprecation.py", line 324, in new_func
    return func(*args, **kwargs)
  File "/home/habreu/pv/lothair/venv_3/lib/python3.6/site-packages/tensorflow/python/training/input.py", line 1348, in shuffle_batch
    name=name)
  File "/home/habreu/pv/lothair/venv_3/lib/python3.6/site-packages/tensorflow/python/training/input.py", line 852, in _shuffle_batch
    tensor_list = _validate(tensor_list)
  File "/home/habreu/pv/lothair/venv_3/lib/python3.6/site-packages/tensorflow/python/training/input.py", line 632, in _validate
    tensor_list = ops.convert_n_to_tensor_or_indexed_slices(tensor_list)
  File "/home/habreu/pv/lothair/venv_3/lib/python3.6/site-packages/tensorflow/python/framework/ops.py", line 1456, in convert_n_to_tensor_or_indexed_slices
    values=values, dtype=dtype, name=name, as_ref=False)
  File "/home/habreu/pv/lothair/venv_3/lib/python3.6/site-packages/tensorflow/python/framework/ops.py", line 1428, in internal_convert_n_to_tensor_or_indexed_slices
    value, dtype=dtype, name=n, as_ref=as_ref))
  File "/home/habreu/pv/lothair/venv_3/lib/python3.6/site-packages/tensorflow/python/framework/ops.py", line 1388, in internal_convert_to_tensor_or_indexed_slices
    value, dtype=dtype, name=name, as_ref=as_ref)
  File "/home/habreu/pv/lothair/venv_3/lib/python3.6/site-packages/tensorflow/python/framework/ops.py", line 1224, in internal_convert_to_tensor
    ret = conversion_func(value, dtype=dtype, name=name, as_ref=as_ref)
  File "/home/habreu/pv/lothair/venv_3/lib/python3.6/site-packages/tensorflow/python/framework/constant_op.py", line 305, in _constant_tensor_conversion_function
    return constant(v, dtype=dtype, name=name)
  File "/home/habreu/pv/lothair/venv_3/lib/python3.6/site-packages/tensorflow/python/framework/constant_op.py", line 246, in constant
    allow_broadcast=True)
  File "/home/habreu/pv/lothair/venv_3/lib/python3.6/site-packages/tensorflow/python/framework/constant_op.py", line 284, in _constant_impl
    allow_broadcast=allow_broadcast))
  File "/home/habreu/pv/lothair/venv_3/lib/python3.6/site-packages/tensorflow/python/framework/tensor_util.py", line 537, in make_tensor_proto
    "Cannot create a tensor proto whose content is larger than 2GB.")
ValueError: Cannot create a tensor proto whose content is larger than 2GB.
Exception ignored in: <src.utils.Logger object at 0x7f309e97ff98>
AttributeError: 'Logger' object has no attribute 'flush'
Traceback (most recent call last):
  File "src/chess/main.py", line 16, in <module>
    from src.chess.data_utils import read_data
  File "/home/habreu/pv/lothair/EfficientNeuralSearch/enas/src/chess/data_utils.py", line 3, in <module>
    import _pickle as pickle
ImportError: No module named _pickle
2019-09-03 14:05:07.868512: I tensorflow/core/platform/cpu_feature_guard.cc:142] Your CPU supports instructions that this TensorFlow binary was not compiled to use: AVX2 FMA
2019-09-03 14:05:07.904419: I tensorflow/stream_executor/platform/default/dso_loader.cc:42] Successfully opened dynamic library libcuda.so.1
2019-09-03 14:05:08.155700: I tensorflow/compiler/xla/service/service.cc:168] XLA service 0x3f6d120 executing computations on platform CUDA. Devices:
2019-09-03 14:05:08.155754: I tensorflow/compiler/xla/service/service.cc:175]   StreamExecutor device (0): GeForce GTX 1080 Ti, Compute Capability 6.1
2019-09-03 14:05:08.177151: I tensorflow/core/platform/profile_utils/cpu_utils.cc:94] CPU Frequency: 1598060000 Hz
2019-09-03 14:05:08.178651: I tensorflow/compiler/xla/service/service.cc:168] XLA service 0x3c49890 executing computations on platform Host. Devices:
2019-09-03 14:05:08.178697: I tensorflow/compiler/xla/service/service.cc:175]   StreamExecutor device (0): <undefined>, <undefined>
2019-09-03 14:05:08.180480: I tensorflow/core/common_runtime/gpu/gpu_device.cc:1640] Found device 0 with properties: 
name: GeForce GTX 1080 Ti major: 6 minor: 1 memoryClockRate(GHz): 1.582
pciBusID: 0000:83:00.0
2019-09-03 14:05:08.180973: I tensorflow/stream_executor/platform/default/dso_loader.cc:42] Successfully opened dynamic library libcudart.so.10.0
2019-09-03 14:05:08.183717: I tensorflow/stream_executor/platform/default/dso_loader.cc:42] Successfully opened dynamic library libcublas.so.10.0
2019-09-03 14:05:08.185994: I tensorflow/stream_executor/platform/default/dso_loader.cc:42] Successfully opened dynamic library libcufft.so.10.0
2019-09-03 14:05:08.186548: I tensorflow/stream_executor/platform/default/dso_loader.cc:42] Successfully opened dynamic library libcurand.so.10.0
2019-09-03 14:05:08.189738: I tensorflow/stream_executor/platform/default/dso_loader.cc:42] Successfully opened dynamic library libcusolver.so.10.0
2019-09-03 14:05:08.192179: I tensorflow/stream_executor/platform/default/dso_loader.cc:42] Successfully opened dynamic library libcusparse.so.10.0
2019-09-03 14:05:08.199028: I tensorflow/stream_executor/platform/default/dso_loader.cc:42] Successfully opened dynamic library libcudnn.so.7
2019-09-03 14:05:08.201534: I tensorflow/core/common_runtime/gpu/gpu_device.cc:1763] Adding visible gpu devices: 0
2019-09-03 14:05:08.201594: I tensorflow/stream_executor/platform/default/dso_loader.cc:42] Successfully opened dynamic library libcudart.so.10.0
2019-09-03 14:05:08.203288: I tensorflow/core/common_runtime/gpu/gpu_device.cc:1181] Device interconnect StreamExecutor with strength 1 edge matrix:
2019-09-03 14:05:08.203315: I tensorflow/core/common_runtime/gpu/gpu_device.cc:1187]      0 
2019-09-03 14:05:08.203327: I tensorflow/core/common_runtime/gpu/gpu_device.cc:1200] 0:   N 
2019-09-03 14:05:08.206169: I tensorflow/core/common_runtime/gpu/gpu_device.cc:1326] Created TensorFlow device (/device:GPU:0 with 10470 MB memory) -> physical GPU (device: 0, name: GeForce GTX 1080 Ti, pci bus id: 0000:83:00.0, compute capability: 6.1)
Using TensorFlow backend.
WARNING: Logging before flag parsing goes to stderr.
W0903 14:05:08.207548 139693522106176 deprecation_wrapper.py:119] From src/chess/main.py:395: The name tf.app.run is deprecated. Please use tf.compat.v1.app.run instead.

--------------------------------------------------------------------------------
CUDA VISIBLE DEVICES
[name: "/device:CPU:0"
device_type: "CPU"
memory_limit: 268435456
locality {
}
incarnation: 8918955427269983331
, name: "/device:XLA_GPU:0"
device_type: "XLA_GPU"
memory_limit: 17179869184
locality {
}
incarnation: 18406153764589738692
physical_device_desc: "device: XLA_GPU device"
, name: "/device:XLA_CPU:0"
device_type: "XLA_CPU"
memory_limit: 17179869184
locality {
}
incarnation: 10433701835836523769
physical_device_desc: "device: XLA_CPU device"
, name: "/device:GPU:0"
device_type: "GPU"
memory_limit: 10979036365
locality {
  bus_id: 2
  numa_node: 1
  links {
  }
}
incarnation: 17841746793393069757
physical_device_desc: "device: 0, name: GeForce GTX 1080 Ti, pci bus id: 0000:83:00.0, compute capability: 6.1"
]
--------------------------------------------------------------------------------
--------------------------------------------------------------------------------
Path outputs exists. Remove and remake.
--------------------------------------------------------------------------------
Logging to outputs/stdout
--------------------------------------------------------------------------------
batch_size...................................................................128
child_block_size...............................................................3
child_cutout_size...........................................................None
child_drop_path_keep_prob....................................................0.6
child_filter_size..............................................................5
child_fixed_arc.............................................................None
child_grad_bound.............................................................5.0
child_keep_prob..............................................................0.9
child_l2_reg.............................................................0.00025
child_lr.....................................................................0.1
child_lr_T_0..................................................................10
child_lr_T_mul.................................................................2
child_lr_cosine.............................................................True
child_lr_dec_every...........................................................100
child_lr_dec_rate............................................................0.1
child_lr_max................................................................0.05
child_lr_min..............................................................0.0005
child_num_aggregate.........................................................None
child_num_branches.............................................................6
child_num_cells................................................................5
child_num_layers..............................................................12
child_num_replicas.............................................................1
child_out_filters.............................................................36
child_out_filters_scale........................................................1
child_skip_pattern..........................................................None
child_sync_replicas........................................................False
child_use_aux_heads.........................................................True
controller_bl_dec...........................................................0.99
controller_entropy_weight.................................................0.0001
controller_forwards_limit......................................................2
controller_keep_prob.........................................................0.5
controller_l2_reg............................................................0.0
controller_lr..............................................................0.001
controller_lr_dec_rate.......................................................1.0
controller_num_aggregate......................................................20
controller_num_replicas........................................................1
controller_op_tanh_reduce....................................................2.5
controller_search_whole_channels............................................True
controller_skip_target.......................................................0.4
controller_skip_weight.......................................................0.8
controller_sync_replicas....................................................True
controller_tanh_constant.....................................................1.5
controller_temperature......................................................None
controller_train_every.........................................................1
controller_train_steps........................................................50
controller_training.........................................................True
controller_use_critic......................................................False
data_format.................................................................NCHW
data_path.............................................................data/chess
eval_every_epochs..............................................................1
log_every.....................................................................50
num_epochs...................................................................310
output_dir...............................................................outputs
reset_output_dir............................................................True
search_for.................................................................macro
--------------------------------------------------------------------------------
Reading data
Loading data ...
Loading data for chess_games_2000
Loading data for chess_games_2001
Loading data for chess_games_2002
Loading data for chess_games_2003
Loading data for chess_games_2004
Loading data ...
Loading data for chess_games_2005
--------------------------------------------------------------------------------
Build model child
Build data ops
W0903 14:05:22.040605 139693522106176 deprecation.py:323] From /home/habreu/pv/lothair/EfficientNeuralSearch/enas/src/chess/models.py:83: shuffle_batch (from tensorflow.python.training.input) is deprecated and will be removed in a future version.
Instructions for updating:
Queue-based input pipelines have been replaced by `tf.data`. Use `tf.data.Dataset.shuffle(min_after_dequeue).batch(batch_size)`.
Traceback (most recent call last):
  File "src/chess/main.py", line 395, in <module>
    tf.app.run()
  File "/home/habreu/pv/lothair/venv_3/lib/python3.6/site-packages/tensorflow/python/platform/app.py", line 40, in run
    _run(main=main, argv=argv, flags_parser=_parse_flags_tolerate_undef)
  File "/home/habreu/pv/lothair/venv_3/lib/python3.6/site-packages/absl/app.py", line 300, in run
    _run_main(main, args)
  File "/home/habreu/pv/lothair/venv_3/lib/python3.6/site-packages/absl/app.py", line 251, in _run_main
    sys.exit(main(argv))
  File "src/chess/main.py", line 384, in main
    train()
  File "src/chess/main.py", line 235, in train
    ops = get_ops(images, labels)
  File "src/chess/main.py", line 150, in get_ops
    num_replicas=FLAGS.child_num_replicas,
  File "/home/habreu/pv/lothair/EfficientNeuralSearch/enas/src/chess/general_child.py", line 80, in __init__
    name=name,
  File "/home/habreu/pv/lothair/EfficientNeuralSearch/enas/src/chess/models.py", line 83, in __init__
    allow_smaller_final_batch=True,
  File "/home/habreu/pv/lothair/venv_3/lib/python3.6/site-packages/tensorflow/python/util/deprecation.py", line 324, in new_func
    return func(*args, **kwargs)
  File "/home/habreu/pv/lothair/venv_3/lib/python3.6/site-packages/tensorflow/python/training/input.py", line 1348, in shuffle_batch
    name=name)
  File "/home/habreu/pv/lothair/venv_3/lib/python3.6/site-packages/tensorflow/python/training/input.py", line 852, in _shuffle_batch
    tensor_list = _validate(tensor_list)
  File "/home/habreu/pv/lothair/venv_3/lib/python3.6/site-packages/tensorflow/python/training/input.py", line 632, in _validate
    tensor_list = ops.convert_n_to_tensor_or_indexed_slices(tensor_list)
  File "/home/habreu/pv/lothair/venv_3/lib/python3.6/site-packages/tensorflow/python/framework/ops.py", line 1456, in convert_n_to_tensor_or_indexed_slices
    values=values, dtype=dtype, name=name, as_ref=False)
  File "/home/habreu/pv/lothair/venv_3/lib/python3.6/site-packages/tensorflow/python/framework/ops.py", line 1428, in internal_convert_n_to_tensor_or_indexed_slices
    value, dtype=dtype, name=n, as_ref=as_ref))
  File "/home/habreu/pv/lothair/venv_3/lib/python3.6/site-packages/tensorflow/python/framework/ops.py", line 1388, in internal_convert_to_tensor_or_indexed_slices
    value, dtype=dtype, name=name, as_ref=as_ref)
  File "/home/habreu/pv/lothair/venv_3/lib/python3.6/site-packages/tensorflow/python/framework/ops.py", line 1224, in internal_convert_to_tensor
    ret = conversion_func(value, dtype=dtype, name=name, as_ref=as_ref)
  File "/home/habreu/pv/lothair/venv_3/lib/python3.6/site-packages/tensorflow/python/framework/constant_op.py", line 305, in _constant_tensor_conversion_function
    return constant(v, dtype=dtype, name=name)
  File "/home/habreu/pv/lothair/venv_3/lib/python3.6/site-packages/tensorflow/python/framework/constant_op.py", line 246, in constant
    allow_broadcast=True)
  File "/home/habreu/pv/lothair/venv_3/lib/python3.6/site-packages/tensorflow/python/framework/constant_op.py", line 284, in _constant_impl
    allow_broadcast=allow_broadcast))
  File "/home/habreu/pv/lothair/venv_3/lib/python3.6/site-packages/tensorflow/python/framework/tensor_util.py", line 537, in make_tensor_proto
    "Cannot create a tensor proto whose content is larger than 2GB.")
ValueError: Cannot create a tensor proto whose content is larger than 2GB.
Exception ignored in: <src.utils.Logger object at 0x7f0c899b6f28>
AttributeError: 'Logger' object has no attribute 'flush'
Traceback (most recent call last):
  File "src/chess/main.py", line 16, in <module>
    from src.chess.data_utils import read_data
  File "/home/habreu/pv/lothair/EfficientNeuralSearch/enas/src/chess/data_utils.py", line 42
    print board.shape
              ^
SyntaxError: Missing parentheses in call to 'print'. Did you mean print(board.shape)?
